<?xml version="1.0" encoding="UTF-8"?>
<!-- Generated by org.testng.reporters.JUnitReportReporter -->
<testsuite name="executionTest.t1" tests="1" time="0.011" ignored="0" failures="0" timestamp="18 Mar 2019 05:12:49 GMT" skipped="0" hostname="TECHSPARK-SURFACE" errors="0">
  <testcase name="test1" time="0.011" classname="executionTest.t1"/>
</testsuite> <!-- executionTest.t1 -->
